[15:33:05] start to load data of read1 
[15:33:05] start to load data of read2 
[15:33:07] Read2: loaded 1M reads 
[15:33:07] Read1: loaded 1M reads 
[15:33:09] Read1: loaded 2M reads 
[15:33:09] Read2: loaded 2M reads 
[15:33:11] Read1: loaded 3M reads 
[15:33:11] Read2: loaded 3M reads 
[15:33:14] Read1: loaded 4M reads 
[15:33:14] Read2: loaded 4M reads 
[15:33:16] Read1: loaded 5M reads 
[15:33:16] Read2: loaded 5M reads 
[15:33:18] Read1: loaded 6M reads 
[15:33:19] Read2: loaded 6M reads 
[15:33:21] Read1: loaded 7M reads 
[15:33:21] Read2: loaded 7M reads 
[15:33:24] Read1: loaded 8M reads 
[15:33:24] Read2: loaded 8M reads 
[15:33:26] Read1: loaded 9M reads 
[15:33:26] Read2: loaded 9M reads 
[15:33:29] Read1: loaded 10M reads 
[15:33:29] Read2: loaded 10M reads 
[15:33:31] Read1: loaded 11M reads 
[15:33:31] Read2: loaded 11M reads 
[15:33:34] Read1: loaded 12M reads 
[15:33:34] Read2: loaded 12M reads 
[15:33:36] Read1: loaded 13M reads 
[15:33:36] Read2: loaded 13M reads 
[15:33:39] Read1: loaded 14M reads 
[15:33:39] Read2: loaded 14M reads 
[15:33:41] Read1: loaded 15M reads 
[15:33:41] Read2: loaded 15M reads 
[15:33:44] Read1: loaded 16M reads 
[15:33:44] Read2: loaded 16M reads 
[15:33:46] Read1: loaded 17M reads 
[15:33:46] Read2: loaded 17M reads 
[15:33:49] Read1: loaded 18M reads 
[15:33:49] Read2: loaded 18M reads 
[15:33:51] Read1: loaded 19M reads 
[15:33:51] Read2: loaded 19M reads 
[15:33:54] Read1: loaded 20M reads 
[15:33:54] Read2: loaded 20M reads 
[15:33:56] Read1: loaded 21M reads 
[15:33:57] Read2: loaded 21M reads 
[15:33:59] Read1: loaded 22M reads 
[15:33:59] Read2: loaded 22M reads 
[15:34:02] Read1: loaded 23M reads 
[15:34:02] Read2: loaded 23M reads 
[15:34:04] Read1: loaded 24M reads 
[15:34:04] Read2: loaded 24M reads 
[15:34:07] Read1: loaded 25M reads 
[15:34:07] Read2: loaded 25M reads 
[15:34:09] Read1: loaded 26M reads 
[15:34:09] Read2: loaded 26M reads 
[15:34:12] Read1: loaded 27M reads 
[15:34:12] Read2: loaded 27M reads 
[15:34:14] Read1: loaded 28M reads 
[15:34:14] Read2: loaded 28M reads 
[15:34:17] Read1: loaded 29M reads 
[15:34:17] Read2: loaded 29M reads 
[15:34:19] Read1: loaded 30M reads 
[15:34:20] Read2: loaded 30M reads 
[15:34:22] Read1: loaded 31M reads 
[15:34:22] Read2: loaded 31M reads 
[15:34:25] Read1: loaded 32M reads 
[15:34:25] Read2: loaded 32M reads 
[15:34:27] Read1: loaded 33M reads 
[15:34:27] Read2: loaded 33M reads 
[15:34:30] Read1: loaded 34M reads 
[15:34:30] Read2: loaded 34M reads 
[15:34:32] Read1: loaded 35M reads 
[15:34:32] Read2: loaded 35M reads 
[15:34:35] Read1: loaded 36M reads 
[15:34:35] Read2: loaded 36M reads 
[15:34:37] Read1: loaded 37M reads 
[15:34:37] Read2: loaded 37M reads 
[15:34:40] Read1: loaded 38M reads 
[15:34:40] Read2: loaded 38M reads 
[15:34:42] Read1: loaded 39M reads 
[15:34:42] Read2: loaded 39M reads 
[15:34:45] Read1: loaded 40M reads 
[15:34:45] Read2: loaded 40M reads 
[15:34:47] Read1: loaded 41M reads 
[15:34:48] Read2: loaded 41M reads 
[15:34:50] Read1: loaded 42M reads 
[15:34:50] Read2: loaded 42M reads 
[15:34:53] Read1: loaded 43M reads 
[15:34:53] Read2: loaded 43M reads 
[15:34:55] Read1: loaded 44M reads 
[15:34:55] Read2: loaded 44M reads 
[15:34:58] Read1: loaded 45M reads 
[15:34:58] Read2: loaded 45M reads 
[15:35:01] Read1: loaded 46M reads 
[15:35:01] Read2: loaded 46M reads 
[15:35:03] Read1: loaded 47M reads 
[15:35:03] Read2: loaded 47M reads 
[15:35:06] Read1: loaded 48M reads 
[15:35:06] Read2: loaded 48M reads 
[15:35:08] Read1: loaded 49M reads 
[15:35:08] Read2: loaded 49M reads 
[15:35:11] Read1: loaded 50M reads 
[15:35:11] Read2: loaded 50M reads 
[15:35:13] Read1: loaded 51M reads 
[15:35:13] Read2: loaded 51M reads 
[15:35:16] Read1: loaded 52M reads 
[15:35:16] Read2: loaded 52M reads 
[15:35:18] Read1: loaded 53M reads 
[15:35:18] Read2: loaded 53M reads 
[15:35:21] Read1: loaded 54M reads 
[15:35:21] Read2: loaded 54M reads 
[15:35:23] Read1: loaded 55M reads 
[15:35:23] Read2: loaded 55M reads 
[15:35:26] Read1: loaded 56M reads 
[15:35:26] Read2: loaded 56M reads 
[15:35:28] Read1: loaded 57M reads 
[15:35:28] Read2: loaded 57M reads 
[15:35:31] Read1: loaded 58M reads 
[15:35:31] Read2: loaded 58M reads 
[15:35:33] Read1: loaded 59M reads 
[15:35:33] Read2: loaded 59M reads 
[15:35:36] Read1: loaded 60M reads 
[15:35:36] Read2: loaded 60M reads 
[15:35:38] Read1: loaded 61M reads 
[15:35:38] Read2: loaded 61M reads 
[15:35:41] Read1: loaded 62M reads 
[15:35:41] Read2: loaded 62M reads 
[15:35:43] Read1: loaded 63M reads 
[15:35:44] Read2: loaded 63M reads 
[15:35:46] Read1: loaded 64M reads 
[15:35:46] Read2: loaded 64M reads 
[15:35:49] Read1: loaded 65M reads 
[15:35:49] Read2: loaded 65M reads 
[15:35:51] Read1: loaded 66M reads 
[15:35:51] Read2: loaded 66M reads 
[15:35:54] Read1: loaded 67M reads 
[15:35:54] Read2: loaded 67M reads 
[15:35:56] Read1: loaded 68M reads 
[15:35:56] Read2: loaded 68M reads 
[15:35:59] Read1: loaded 69M reads 
[15:35:59] Read2: loaded 69M reads 
[15:36:01] Read1: loaded 70M reads 
[15:36:01] Read2: loaded 70M reads 
[15:36:04] Read1: loaded 71M reads 
[15:36:04] Read2: loaded 71M reads 
[15:36:06] Read1: loaded 72M reads 
[15:36:06] Read2: loaded 72M reads 
[15:36:09] Read1: loaded 73M reads 
[15:36:09] Read2: loaded 73M reads 
[15:36:11] Read1: loaded 74M reads 
[15:36:11] Read2: loaded 74M reads 
[15:36:14] Read1: loaded 75M reads 
[15:36:14] Read2: loaded 75M reads 
[15:36:16] Read1: loaded 76M reads 
[15:36:17] Read2: loaded 76M reads 
[15:36:19] Read1: loaded 77M reads 
[15:36:19] Read2: loaded 77M reads 
[15:36:21] Read1: loaded 78M reads 
[15:36:21] Read2: loaded 78M reads 
[15:36:24] Read1: loaded 79M reads 
[15:36:24] Read2: loaded 79M reads 
[15:36:26] Read1: loaded 80M reads 
[15:36:26] Read2: loaded 80M reads 
[15:36:29] Read1: loaded 81M reads 
[15:36:29] Read2: loaded 81M reads 
[15:36:31] Read1: loaded 82M reads 
[15:36:31] Read2: loaded 82M reads 
[15:36:34] Read1: loaded 83M reads 
[15:36:34] Read2: loaded 83M reads 
[15:36:36] Read1: loaded 84M reads 
[15:36:36] Read2: loaded 84M reads 
[15:36:39] Read1: loaded 85M reads 
[15:36:39] Read2: loaded 85M reads 
[15:36:41] Read1: loaded 86M reads 
[15:36:41] Read2: loaded 86M reads 
[15:36:44] Read1: loaded 87M reads 
[15:36:44] Read2: loaded 87M reads 
[15:36:46] Read1: loaded 88M reads 
[15:36:46] Read2: loaded 88M reads 
[15:36:48] Read1: loaded 89M reads 
[15:36:48] Read2: loaded 89M reads 
[15:36:51] Read1: loaded 90M reads 
[15:36:51] Read2: loaded 90M reads 
[15:36:53] Read1: loaded 91M reads 
[15:36:53] Read2: loaded 91M reads 
[15:36:56] Read1: loaded 92M reads 
[15:36:56] Read2: loaded 92M reads 
[15:36:59] Read1: loaded 93M reads 
[15:36:59] Read2: loaded 93M reads 
[15:37:01] Read1: loaded 94M reads 
[15:37:01] Read2: loaded 94M reads 
[15:37:04] Read1: loaded 95M reads 
[15:37:04] Read2: loaded 95M reads 
[15:37:06] Read1: loaded 96M reads 
[15:37:06] Read2: loaded 96M reads 
[15:37:09] Read1: loaded 97M reads 
[15:37:09] Read2: loaded 97M reads 
[15:37:11] Read1: loaded 98M reads 
[15:37:11] Read2: loaded 98M reads 
[15:37:14] Read1: loaded 99M reads 
[15:37:14] Read2: loaded 99M reads 
[15:37:16] Read1: loaded 100M reads 
[15:37:16] Read2: loaded 100M reads 
[15:37:19] Read1: loaded 101M reads 
[15:37:19] Read2: loaded 101M reads 
[15:37:21] Read1: loaded 102M reads 
[15:37:21] Read2: loaded 102M reads 
[15:37:24] Read1: loaded 103M reads 
[15:37:24] Read2: loaded 103M reads 
[15:37:26] Read1: loaded 104M reads 
[15:37:26] Read2: loaded 104M reads 
[15:37:29] Read1: loaded 105M reads 
[15:37:29] Read2: loaded 105M reads 
[15:37:32] Read1: loaded 106M reads 
[15:37:32] Read2: loaded 106M reads 
[15:37:34] Read1: loaded 107M reads 
[15:37:34] Read2: loaded 107M reads 
[15:37:37] Read1: loaded 108M reads 
[15:37:37] Read2: loaded 108M reads 
[15:37:39] Read1: loaded 109M reads 
[15:37:39] Read2: loaded 109M reads 
[15:37:42] Read1: loaded 110M reads 
[15:37:42] Read2: loaded 110M reads 
[15:37:44] Read1: loaded 111M reads 
[15:37:44] Read2: loaded 111M reads 
[15:37:47] Read1: loaded 112M reads 
[15:37:47] Read2: loaded 112M reads 
[15:37:49] Read1: loaded 113M reads 
[15:37:49] Read2: loaded 113M reads 
[15:37:52] Read1: loaded 114M reads 
[15:37:52] Read2: loaded 114M reads 
[15:37:55] Read1: loaded 115M reads 
[15:37:55] Read2: loaded 115M reads 
[15:37:57] Read1: loaded 116M reads 
[15:37:57] Read2: loaded 116M reads 
[15:38:00] Read1: loaded 117M reads 
[15:38:00] Read2: loaded 117M reads 
[15:38:02] Read1: loaded 118M reads 
[15:38:02] Read2: loaded 118M reads 
[15:38:05] Read1: loaded 119M reads 
[15:38:05] Read2: loaded 119M reads 
[15:38:07] Read1: loaded 120M reads 
[15:38:07] Read2: loaded 120M reads 
[15:38:10] Read1: loaded 121M reads 
[15:38:10] Read2: loaded 121M reads 
[15:38:12] Read1: loaded 122M reads 
[15:38:12] Read2: loaded 122M reads 
[15:38:15] Read1: loaded 123M reads 
[15:38:15] Read2: loaded 123M reads 
[15:38:17] Read1: loaded 124M reads 
[15:38:17] Read2: loaded 124M reads 
[15:38:20] Read1: loaded 125M reads 
[15:38:20] Read2: loaded 125M reads 
[15:38:22] Read1: loaded 126M reads 
[15:38:22] Read2: loaded 126M reads 
[15:38:25] Read1: loaded 127M reads 
[15:38:25] Read2: loaded 127M reads 
[15:38:27] Read1: loaded 128M reads 
[15:38:27] Read2: loaded 128M reads 
[15:38:30] Read1: loaded 129M reads 
[15:38:30] Read2: loaded 129M reads 
[15:38:32] Read1: loaded 130M reads 
[15:38:32] Read2: loaded 130M reads 
[15:38:35] Read1: loaded 131M reads 
[15:38:35] Read2: loaded 131M reads 
[15:38:37] Read1: loaded 132M reads 
[15:38:37] Read2: loaded 132M reads 
[15:38:39] Read1: loaded 133M reads 
[15:38:39] Read2: loaded 133M reads 
[15:38:42] Read1: loaded 134M reads 
[15:38:42] Read2: loaded 134M reads 
[15:38:44] Read1: loaded 135M reads 
[15:38:44] Read2: loaded 135M reads 
[15:38:47] Read1: loaded 136M reads 
[15:38:47] Read2: loaded 136M reads 
[15:38:49] Read1: loaded 137M reads 
[15:38:49] Read2: loaded 137M reads 
[15:38:52] Read1: loaded 138M reads 
[15:38:52] Read2: loaded 138M reads 
[15:38:54] Read1: loaded 139M reads 
[15:38:54] Read2: loaded 139M reads 
[15:38:57] Read1: loaded 140M reads 
[15:38:57] Read2: loaded 140M reads 
[15:38:59] Read1: loaded 141M reads 
[15:38:59] Read2: loaded 141M reads 
[15:39:02] Read1: loaded 142M reads 
[15:39:02] Read2: loaded 142M reads 
[15:39:04] Read1: loaded 143M reads 
[15:39:04] Read2: loaded 143M reads 
[15:39:07] Read1: loaded 144M reads 
[15:39:07] Read2: loaded 144M reads 
[15:39:09] Read1: loaded 145M reads 
[15:39:09] Read2: loaded 145M reads 
[15:39:12] Read1: loaded 146M reads 
[15:39:12] Read2: loaded 146M reads 
[15:39:14] Read1: loaded 147M reads 
[15:39:14] Read2: loaded 147M reads 
[15:39:17] Read1: loaded 148M reads 
[15:39:17] Read2: loaded 148M reads 
[15:39:19] Read1: loaded 149M reads 
[15:39:19] Read2: loaded 149M reads 
[15:39:22] Read1: loaded 150M reads 
[15:39:22] Read2: loaded 150M reads 
[15:39:24] Read1: loaded 151M reads 
[15:39:24] Read2: loaded 151M reads 
[15:39:27] Read1: loaded 152M reads 
[15:39:27] Read2: loaded 152M reads 
[15:39:29] Read1: loaded 153M reads 
[15:39:29] Read2: loaded 153M reads 
[15:39:32] Read1: loaded 154M reads 
[15:39:32] Read2: loaded 154M reads 
[15:39:34] Read1: loaded 155M reads 
[15:39:34] Read2: loaded 155M reads 
[15:39:37] Read1: loaded 156M reads 
[15:39:37] Read2: loaded 156M reads 
[15:39:39] Read1: loaded 157M reads 
[15:39:39] Read2: loaded 157M reads 
[15:39:42] Read1: loaded 158M reads 
[15:39:42] Read2: loaded 158M reads 
[15:39:44] Read1: loaded 159M reads 
[15:39:44] Read2: loaded 159M reads 
[15:39:47] Read1: loaded 160M reads 
[15:39:47] Read2: loaded 160M reads 
[15:39:49] Read1: loaded 161M reads 
[15:39:49] Read2: loaded 161M reads 
[15:39:52] Read1: loaded 162M reads 
[15:39:52] Read2: loaded 162M reads 
[15:39:54] Read1: loaded 163M reads 
[15:39:54] Read2: loaded 163M reads 
[15:39:57] Read1: loaded 164M reads 
[15:39:57] Read2: loaded 164M reads 
[15:39:59] Read1: loaded 165M reads 
[15:39:59] Read2: loaded 165M reads 
[15:40:02] Read1: loaded 166M reads 
[15:40:02] Read2: loaded 166M reads 
[15:40:05] Read1: loaded 167M reads 
[15:40:05] Read2: loaded 167M reads 
[15:40:07] Read1: loaded 168M reads 
[15:40:07] Read2: loaded 168M reads 
[15:40:10] Read1: loaded 169M reads 
[15:40:10] Read2: loaded 169M reads 
[15:40:12] Read1: loaded 170M reads 
[15:40:12] Read2: loaded 170M reads 
[15:40:15] Read1: loaded 171M reads 
[15:40:15] Read2: loaded 171M reads 
[15:40:17] Read1: loaded 172M reads 
[15:40:17] Read2: loaded 172M reads 
[15:40:23] Read1: loaded 173M reads 
[15:40:23] Read2: loaded 173M reads 
[15:40:25] Read1: loaded 174M reads 
[15:40:25] Read2: loaded 174M reads 
[15:40:28] Read1: loaded 175M reads 
[15:40:28] Read2: loaded 175M reads 
[15:40:30] Read1: loaded 176M reads 
[15:40:30] Read2: loaded 176M reads 
[15:40:33] Read1: loaded 177M reads 
[15:40:33] Read2: loaded 177M reads 
[15:40:35] Read1: loaded 178M reads 
[15:40:35] Read2: loaded 178M reads 
[15:40:38] Read1: loaded 179M reads 
[15:40:38] Read2: loaded 179M reads 
[15:40:40] Read1: loaded 180M reads 
[15:40:40] Read2: loaded 180M reads 
[15:40:43] Read1: loaded 181M reads 
[15:40:43] Read2: loaded 181M reads 
[15:40:46] Read1: loaded 182M reads 
[15:40:46] Read2: loaded 182M reads 
[15:40:48] Read1: loaded 183M reads 
[15:40:48] Read2: loaded 183M reads 
[15:40:52] Read1: loaded 184M reads 
[15:40:52] Read2: loaded 184M reads 
[15:40:55] Read1: loaded 185M reads 
[15:40:55] Read2: loaded 185M reads 
[15:40:57] Read1: loaded 186M reads 
[15:40:57] Read2: loaded 186M reads 
[15:40:59] Read1: loaded 187M reads 
[15:40:59] Read2: loaded 187M reads 
[15:41:02] Read1: loaded 188M reads 
[15:41:02] Read2: loaded 188M reads 
[15:41:04] Read1: loaded 189M reads 
[15:41:04] Read2: loaded 189M reads 
[15:41:07] Read1: loaded 190M reads 
[15:41:07] Read2: loaded 190M reads 
[15:41:09] Read1: loaded 191M reads 
[15:41:09] Read2: loaded 191M reads 
[15:41:12] Read1: loaded 192M reads 
[15:41:12] Read2: loaded 192M reads 
[15:41:14] Read1: loaded 193M reads 
[15:41:14] Read2: loaded 193M reads 
[15:41:16] Read1: loaded 194M reads 
[15:41:16] Read2: loaded 194M reads 
[15:41:19] Read1: loaded 195M reads 
[15:41:19] Read2: loaded 195M reads 
[15:41:21] Read1: loaded 196M reads 
[15:41:21] Read2: loaded 196M reads 
[15:41:24] Read1: loaded 197M reads 
[15:41:24] Read2: loaded 197M reads 
[15:41:26] Read1: loaded 198M reads 
[15:41:26] Read2: loaded 198M reads 
[15:41:29] Read1: loaded 199M reads 
[15:41:29] Read2: loaded 199M reads 
[15:41:31] Read1: loaded 200M reads 
[15:41:31] Read2: loaded 200M reads 
[15:41:34] Read1: loaded 201M reads 
[15:41:34] Read2: loaded 201M reads 
[15:41:36] Read1: loaded 202M reads 
[15:41:36] Read2: loaded 202M reads 
[15:41:39] Read1: loaded 203M reads 
[15:41:39] Read2: loaded 203M reads 
[15:41:41] Read1: loaded 204M reads 
[15:41:41] Read2: loaded 204M reads 
[15:41:44] Read1: loaded 205M reads 
[15:41:44] Read2: loaded 205M reads 
[15:41:46] Read1: loaded 206M reads 
[15:41:46] Read2: loaded 206M reads 
[15:41:49] Read1: loaded 207M reads 
[15:41:49] Read2: loaded 207M reads 
[15:41:51] Read1: loaded 208M reads 
[15:41:51] Read2: loaded 208M reads 
[15:41:54] Read1: loaded 209M reads 
[15:41:54] Read2: loaded 209M reads 
[15:41:56] Read1: loaded 210M reads 
[15:41:56] Read2: loaded 210M reads 
[15:41:59] Read1: loaded 211M reads 
[15:41:59] Read2: loaded 211M reads 
[15:42:01] Read1: loaded 212M reads 
[15:42:01] Read2: loaded 212M reads 
[15:42:04] Read1: loaded 213M reads 
[15:42:04] Read2: loaded 213M reads 
[15:42:06] Read1: loaded 214M reads 
[15:42:06] Read2: loaded 214M reads 
[15:42:09] Read1: loaded 215M reads 
[15:42:09] Read2: loaded 215M reads 
[15:42:11] Read1: loaded 216M reads 
[15:42:11] Read2: loaded 216M reads 
[15:42:14] Read1: loaded 217M reads 
[15:42:14] Read2: loaded 217M reads 
[15:42:16] Read1: loaded 218M reads 
[15:42:16] Read2: loaded 218M reads 
[15:42:18] Read1: loaded 219M reads 
[15:42:18] Read2: loaded 219M reads 
[15:42:21] Read1: loaded 220M reads 
[15:42:21] Read2: loaded 220M reads 
[15:42:23] Read1: loaded 221M reads 
[15:42:23] Read2: loaded 221M reads 
[15:42:26] Read1: loaded 222M reads 
[15:42:26] Read2: loaded 222M reads 
[15:42:28] Read1: loaded 223M reads 
[15:42:28] Read2: loaded 223M reads 
[15:42:31] Read1: loaded 224M reads 
[15:42:31] Read2: loaded 224M reads 
[15:42:33] Read1: loaded 225M reads 
[15:42:33] Read2: loaded 225M reads 
[15:42:35] Read1: loaded 226M reads 
[15:42:35] Read2: loaded 226M reads 
[15:42:38] Read1: loaded 227M reads 
[15:42:38] Read2: loaded 227M reads 
[15:42:40] Read1: loaded 228M reads 
[15:42:40] Read2: loaded 228M reads 
[15:42:43] Read1: loaded 229M reads 
[15:42:43] Read2: loaded 229M reads 
[15:42:45] Read1: loaded 230M reads 
[15:42:45] Read2: loaded 230M reads 
[15:42:48] Read1: loaded 231M reads 
[15:42:48] Read2: loaded 231M reads 
[15:42:50] Read1: loaded 232M reads 
[15:42:50] Read2: loaded 232M reads 
[15:42:53] Read1: loaded 233M reads 
[15:42:53] Read2: loaded 233M reads 
[15:42:55] Read1: loaded 234M reads 
[15:42:55] Read2: loaded 234M reads 
[15:42:58] Read1: loaded 235M reads 
[15:42:58] Read2: loaded 235M reads 
[15:43:00] Read1: loaded 236M reads 
[15:43:00] Read2: loaded 236M reads 
[15:43:03] Read1: loaded 237M reads 
[15:43:03] Read2: loaded 237M reads 
[15:43:05] Read1: loaded 238M reads 
[15:43:05] Read2: loaded 238M reads 
[15:43:08] Read2: loaded 239M reads 
[15:43:08] Read1: loaded 239M reads 
[15:43:10] Read1: loaded 240M reads 
[15:43:10] Read2: loaded 240M reads 
[15:43:13] Read1: loaded 241M reads 
[15:43:13] Read2: loaded 241M reads 
[15:43:15] Read1: loaded 242M reads 
[15:43:15] Read2: loaded 242M reads 
[15:43:18] Read1: loaded 243M reads 
[15:43:18] Read2: loaded 243M reads 
[15:43:20] Read1: loaded 244M reads 
[15:43:20] Read2: loaded 244M reads 
[15:43:23] Read1: loaded 245M reads 
[15:43:23] Read2: loaded 245M reads 
[15:43:25] Read1: loaded 246M reads 
[15:43:25] Read2: loaded 246M reads 
[15:43:28] Read1: loaded 247M reads 
[15:43:28] Read2: loaded 247M reads 
[15:43:30] Read1: loaded 248M reads 
[15:43:30] Read2: loaded 248M reads 
[15:43:33] Read1: loaded 249M reads 
[15:43:33] Read2: loaded 249M reads 
[15:43:35] Read1: loaded 250M reads 
[15:43:36] Read2: loaded 250M reads 
[15:43:38] Read1: loaded 251M reads 
[15:43:38] Read2: loaded 251M reads 
[15:43:41] Read1: loaded 252M reads 
[15:43:41] Read2: loaded 252M reads 
[15:43:43] Read1: loaded 253M reads 
[15:43:43] Read2: loaded 253M reads 
[15:43:46] Read1: loaded 254M reads 
[15:43:46] Read2: loaded 254M reads 
[15:43:48] Read1: loaded 255M reads 
[15:43:48] Read2: loaded 255M reads 
[15:43:51] Read1: loaded 256M reads 
[15:43:51] Read2: loaded 256M reads 
[15:43:53] Read1: loaded 257M reads 
[15:43:53] Read2: loaded 257M reads 
[15:43:56] Read1: loaded 258M reads 
[15:43:56] Read2: loaded 258M reads 
[15:43:58] Read1: loaded 259M reads 
[15:43:58] Read2: loaded 259M reads 
[15:44:01] Read1: loaded 260M reads 
[15:44:01] Read2: loaded 260M reads 
[15:44:03] Read1: loaded 261M reads 
[15:44:03] Read2: loaded 261M reads 
[15:44:05] Read1: loaded 262M reads 
[15:44:05] Read2: loaded 262M reads 
[15:44:08] Read1: loaded 263M reads 
[15:44:08] Read2: loaded 263M reads 
[15:44:10] Read1: loaded 264M reads 
[15:44:10] Read2: loaded 264M reads 
[15:44:13] Read1: loaded 265M reads 
[15:44:13] Read2: loaded 265M reads 
[15:44:15] Read1: loaded 266M reads 
[15:44:15] Read2: loaded 266M reads 
[15:44:17] Read1: loaded 267M reads 
[15:44:17] Read2: loaded 267M reads 
[15:44:20] Read1: loaded 268M reads 
[15:44:20] Read2: loaded 268M reads 
[15:44:22] Read1: loaded 269M reads 
[15:44:22] Read2: loaded 269M reads 
[15:44:24] Read1: loaded 270M reads 
[15:44:25] Read2: loaded 270M reads 
[15:44:27] Read1: loaded 271M reads 
[15:44:27] Read2: loaded 271M reads 
[15:44:29] Read1: loaded 272M reads 
[15:44:29] Read2: loaded 272M reads 
[15:44:32] Read1: loaded 273M reads 
[15:44:32] Read2: loaded 273M reads 
[15:44:34] Read1: loaded 274M reads 
[15:44:34] Read2: loaded 274M reads 
[15:44:37] Read1: loading completed with 274967 packs 
[15:44:37] Read2: loading completed with 274967 packs 
[15:44:37] thread 8 data processing completed 
[15:44:37] thread 8 finished 
[15:44:37] thread 1 data processing completed 
[15:44:37] thread 1 finished 
[15:44:37] thread 2 data processing completed 
[15:44:37] thread 2 finished 
[15:44:37] thread 4 data processing completed 
[15:44:37] thread 4 finished 
[15:44:37] thread 6 data processing completed 
[15:44:37] thread 6 finished 
[15:44:37] thread 7 data processing completed 
[15:44:37] thread 7 finished 
[15:44:37] thread 5 data processing completed 
[15:44:37] thread 5 finished 
[15:44:37] thread 3 data processing completed 
[15:44:37] thread 3 finished 
[15:44:37] /scratch/fl3/llenzo/a13/reads/trimmed/inplanta-SN15-018-R1.trimmed.fastq.gz writer finished 
[15:44:38] /scratch/fl3/llenzo/a13/reads/trimmed/inplanta-SN15-018-R2.trimmed.fastq.gz writer finished 
[15:44:38] start to generate reports
 
Read1 before filtering:
total reads: 274966938
total bases: 34370867250
Q20 bases: 33096527308(96.2924%)
Q30 bases: 31959320179(92.9837%)

Read2 before filtering:
total reads: 274966938
total bases: 34370867250
Q20 bases: 28818859963(83.8468%)
Q30 bases: 26679015860(77.621%)

Read1 after filtering:
total reads: 253240674
total bases: 30555609451
Q20 bases: 29948697361(98.0137%)
Q30 bases: 29139886713(95.3667%)

Read2 after filtering:
total reads: 253240674
total bases: 28757628902
Q20 bases: 27124692457(94.3217%)
Q30 bases: 25362588008(88.1943%)

Filtering result:
reads passed filter: 506481348
reads failed due to low quality: 8655742
reads failed due to too many N: 1181916
reads failed due to too short: 33614870
reads with adapter trimmed: 79187476
bases trimmed due to adapters: 1316356148

Duplication rate: 22.8095%

Insert size peak (evaluated by paired-end reads): 125

JSON report: logs/fastp_reports/inplanta-SN15-018.fastp.json
HTML report: logs/fastp_reports/inplanta-SN15-018.fastp.html

fastp --in1 /scratch/fl3/llenzo/a13/reads/repaired/inplanta-SN15-018-R1.repaired.fastq.gz --in2 /scratch/fl3/llenzo/a13/reads/repaired/inplanta-SN15-018-R2.repaired.fastq.gz --out1 /scratch/fl3/llenzo/a13/reads/trimmed/inplanta-SN15-018-R1.trimmed.fastq.gz --out2 /scratch/fl3/llenzo/a13/reads/trimmed/inplanta-SN15-018-R2.trimmed.fastq.gz --thread 8 -5 -3 -M 30 --html logs/fastp_reports/inplanta-SN15-018.fastp.html --json logs/fastp_reports/inplanta-SN15-018.fastp.json --verbose 
fastp v0.23.4, time used: 694 seconds
