KmerStream::KmerStream(): Start computing k-mer cardinality estimations (1/2)
KmerStream::KmerStream(): Start computing k-mer cardinality estimations (1/2)
KmerStream::KmerStream(): Finished
CompactedDBG::build(): Estimated number of k-mers occurring at least once: 90040542
CompactedDBG::build(): Estimated number of minimizer occurring at least once: 20873390
CompactedDBG::filter(): Processed 188879794 k-mers in 142450 reads
CompactedDBG::filter(): Found 89964657 unique k-mers
CompactedDBG::filter(): Number of blocks in Bloom filter is 615513
CompactedDBG::construct(): Extract approximate unitigs (1/2)
CompactedDBG::construct(): Extract approximate unitigs (2/2)
CompactedDBG::construct(): Closed all input files

CompactedDBG::construct(): Splitting unitigs (1/2)

CompactedDBG::construct(): Splitting unitigs (2/2)
CompactedDBG::construct(): Before split: 2618427 unitigs
CompactedDBG::construct(): After split (1/1): 2618427 unitigs
CompactedDBG::construct(): Unitigs split: 2268
CompactedDBG::construct(): Unitigs deleted: 0

CompactedDBG::construct(): Joining unitigs
CompactedDBG::construct(): After join: 2576351 unitigs
CompactedDBG::construct(): Joined 42501 unitigs
Kallisto index written to: /scratch/fl3/llenzo/a13/reference/GCF_018294505.1_v2.1_cds.idx
